<?xml version="1.0" encoding="UTF-8"?>
<!-- Generated by org.testng.reporters.JUnitXMLReporter -->
<testsuite ignored="7" hostname="LTIN270759" failures="0" tests="9" name="Default test" time="0.198" errors="0" timestamp="2024-02-27T11:31:04 IST">
  <testcase classname="test_base.BaseClass" name="@BeforeTest setUp" time="-1.709013664239E9">
    <failure type="org.testng.TestNGException" message="
Parameter &amp;apos;browser&amp;apos; is required by BeforeTest on method setUp but has not been marked @Optional or defined
in C:\Users\2304150\AppData\Local\Temp\1\testng-eclipse-432279482\testng-customsuite.xml">
      <![CDATA[org.testng.TestNGException: 
Parameter 'browser' is required by BeforeTest on method setUp but has not been marked @Optional or defined
in C:\Users\2304150\AppData\Local\Temp\1\testng-eclipse-432279482\testng-customsuite.xml
at org.testng.internal.Parameters.createParams(Parameters.java:270)
at org.testng.internal.Parameters.createParametersForMethod(Parameters.java:358)
at org.testng.internal.Parameters.createParameters(Parameters.java:700)
at org.testng.internal.Parameters.createConfigurationParameters(Parameters.java:168)
at org.testng.internal.ConfigInvoker.invokeConfigurations(ConfigInvoker.java:302)
at org.testng.TestRunner.invokeTestConfigurations(TestRunner.java:637)
at org.testng.TestRunner.beforeRun(TestRunner.java:627)
at org.testng.TestRunner.run(TestRunner.java:589)
at org.testng.SuiteRunner.runTest(SuiteRunner.java:377)
at org.testng.SuiteRunner.runSequentially(SuiteRunner.java:371)
at org.testng.SuiteRunner.privateRun(SuiteRunner.java:332)
at org.testng.SuiteRunner.run(SuiteRunner.java:276)
at org.testng.SuiteRunnerWorker.runSuite(SuiteRunnerWorker.java:53)
at org.testng.SuiteRunnerWorker.run(SuiteRunnerWorker.java:96)
at org.testng.TestNG.runSuitesSequentially(TestNG.java:1212)
at org.testng.TestNG.runSuitesLocally(TestNG.java:1134)
at org.testng.TestNG.runSuites(TestNG.java:1063)
at org.testng.TestNG.run(TestNG.java:1031)
at org.testng.remote.AbstractRemoteTestNG.run(AbstractRemoteTestNG.java:115)
at org.testng.remote.RemoteTestNG.initAndRun(RemoteTestNG.java:251)
at org.testng.remote.RemoteTestNG.main(RemoteTestNG.java:77)
]]>
    </failure>
  </testcase> <!-- @BeforeTest setUp -->
  <testcase classname="test_case.TC003_" name="course1" time="0.0">
    <skipped/>
  </testcase> <!-- course1 -->
  <testcase classname="test_case.TC003_" name="course2" time="0.0">
    <skipped/>
  </testcase> <!-- course2 -->
  <testcase classname="test_case.TC002_" name="scrolling" time="0.0">
    <skipped/>
  </testcase> <!-- scrolling -->
  <testcase classname="test_case.TC002_" name="scrolling1" time="0.0">
    <skipped/>
  </testcase> <!-- scrolling1 -->
  <testcase classname="test_case.TC001_" name="searching" time="0.0">
    <skipped/>
  </testcase> <!-- searching -->
  <testcase classname="test_case.TC007_" name="filling" time="0.0">
    <skipped/>
  </testcase> <!-- filling -->
  <testcase classname="test_case.TC006_" name="form" time="0.0">
    <skipped/>
  </testcase> <!-- form -->
  <testcase classname="test_case.TC005_" name="scrolllll" time="0.0">
    <skipped/>
  </testcase> <!-- scrolllll -->
  <testcase classname="test_case.TC004_" name="learning" time="0.0">
    <skipped/>
  </testcase> <!-- learning -->
  <testcase classname="test_base.BaseClass" name="@BeforeTest setUp" time="0.0">
    <ignored/>
  </testcase> <!-- @BeforeTest setUp -->
  <testcase classname="test_base.BaseClass" name="@BeforeTest setUp" time="0.0">
    <ignored/>
  </testcase> <!-- @BeforeTest setUp -->
  <testcase classname="test_base.BaseClass" name="@BeforeTest setUp" time="0.0">
    <ignored/>
  </testcase> <!-- @BeforeTest setUp -->
  <testcase classname="test_base.BaseClass" name="@BeforeTest setUp" time="0.0">
    <ignored/>
  </testcase> <!-- @BeforeTest setUp -->
  <testcase classname="test_base.BaseClass" name="@BeforeTest setUp" time="0.0">
    <ignored/>
  </testcase> <!-- @BeforeTest setUp -->
  <testcase classname="test_base.BaseClass" name="@BeforeTest setUp" time="0.0">
    <ignored/>
  </testcase> <!-- @BeforeTest setUp -->
  <testcase classname="test_base.BaseClass" name="@BeforeTest setUp" time="0.0">
    <ignored/>
  </testcase> <!-- @BeforeTest setUp -->
</testsuite> <!-- Default test -->
